[github.com/flipped-aurora/gin-vue-admin/server]2024-10-22 10:42:40.088	[31merror[0m	/Users/archer/project/gin-vue-admin/server/core/server.go:54	accept tcp [::]:8888: use of closed network connection
[github.com/flipped-aurora/gin-vue-admin/server]2024-10-22 10:44:07.723	[31merror[0m	/Users/archer/project/gin-vue-admin/server/core/server.go:54	accept tcp [::]:8888: use of closed network connection
[github.com/flipped-aurora/gin-vue-admin/server]2024-10-22 10:46:09.775	[31merror[0m	/Users/archer/project/gin-vue-admin/server/utils/claims.go:48	é‡æ–°å†™å…¥cookie tokenå¤±è´¥,æœªèƒ½æˆåŠŸè§£ætoken,è¯·æ£€æŸ¥è¯·æ±‚å¤´æ˜¯å¦å­˜åœ¨x-tokenä¸”claimsæ˜¯å¦ä¸ºè§„å®šç»“æ„
[github.com/flipped-aurora/gin-vue-admin/server]2024-10-22 11:05:54.917	[31merror[0m	/Users/archer/project/gin-vue-admin/server/api/v1/system/sys_menu.go:29	è·å–å¤±è´¥!	{"error": "Error 1146 (42S02): Table 'gva.sys_authority_menus' doesn't exist"}
[github.com/flipped-aurora/gin-vue-admin/server]2024-10-22 11:05:54.937	[31merror[0m	/Users/archer/project/gin-vue-admin/server/api/v1/system/sys_user.go:455	è·å–å¤±è´¥!	{"error": "Error 1146 (42S02): Table 'gva.sys_users' doesn't exist"}
[github.com/flipped-aurora/gin-vue-admin/server]2024-10-22 11:06:03.529	[31merror[0m	/Users/archer/project/gin-vue-admin/server/api/v1/system/sys_menu.go:29	è·å–å¤±è´¥!	{"error": "Error 1146 (42S02): Table 'gva.sys_authority_menus' doesn't exist"}
[github.com/flipped-aurora/gin-vue-admin/server]2024-10-22 11:06:03.553	[31merror[0m	/Users/archer/project/gin-vue-admin/server/api/v1/system/sys_user.go:455	è·å–å¤±è´¥!	{"error": "Error 1146 (42S02): Table 'gva.sys_users' doesn't exist"}
[github.com/flipped-aurora/gin-vue-admin/server]2024-10-22 11:06:07.447	[31merror[0m	/Users/archer/project/gin-vue-admin/server/core/server.go:54	accept tcp [::]:8888: use of closed network connection
[github.com/flipped-aurora/gin-vue-admin/server]2024-10-22 11:06:26.371	[31merror[0m	/Users/archer/project/gin-vue-admin/server/core/server.go:54	accept tcp [::]:8888: use of closed network connection
[github.com/flipped-aurora/gin-vue-admin/server]2024-10-22 11:07:49.151	[31merror[0m	/Users/archer/project/gin-vue-admin/server/core/server.go:54	accept tcp [::]:8888: use of closed network connection
[github.com/flipped-aurora/gin-vue-admin/server]2024-10-22 11:18:48.807	[31merror[0m	/Users/archer/project/gin-vue-admin/server/api/v1/example/exa_file_upload_download.go:75	åˆ é™¤å¤±è´¥!	{"error": "æ–‡ä»¶åˆ é™¤å¤±è´¥"}
[github.com/flipped-aurora/gin-vue-admin/server]2024-10-22 11:18:51.217	[31merror[0m	/Users/archer/project/gin-vue-admin/server/api/v1/example/exa_file_upload_download.go:75	åˆ é™¤å¤±è´¥!	{"error": "æ–‡ä»¶åˆ é™¤å¤±è´¥"}
[github.com/flipped-aurora/gin-vue-admin/server]2024-10-22 11:21:41.663	[31merror[0m	/Users/archer/project/gin-vue-admin/server/core/server.go:54	accept tcp [::]:8888: use of closed network connection
[github.com/flipped-aurora/gin-vue-admin/server]2024-10-22 12:02:20.429	[31merror[0m	/Users/archer/project/gin-vue-admin/server/core/server.go:54	accept tcp [::]:8888: use of closed network connection
[github.com/flipped-aurora/gin-vue-admin/server]2024-10-22 12:06:06.022	[31merror[0m	/Users/archer/project/gin-vue-admin/server/core/server.go:54	accept tcp [::]:8888: use of closed network connection
[github.com/flipped-aurora/gin-vue-admin/server]2024-10-22 12:06:28.679	[31merror[0m	/Users/archer/project/gin-vue-admin/server/api/v1/example/exa_file_upload_download.go:75	åˆ é™¤å¤±è´¥!	{"error": "æ–‡ä»¶åˆ é™¤å¤±è´¥"}
[github.com/flipped-aurora/gin-vue-admin/server]2024-10-22 12:12:44.449	[31merror[0m	/Users/archer/project/gin-vue-admin/server/core/server.go:54	accept tcp [::]:8888: use of closed network connection
[github.com/flipped-aurora/gin-vue-admin/server]2024-10-22 12:13:56.317	[31merror[0m	/Users/archer/project/gin-vue-admin/server/core/server.go:54	accept tcp [::]:8888: use of closed network connection
[github.com/flipped-aurora/gin-vue-admin/server]2024-10-22 12:19:54.867	[31merror[0m	/Users/archer/project/gin-vue-admin/server/service/system/auto_code_plugin.go:76	éæ ‡å‡†æ’ä»¶ï¼Œè¯·æŒ‰ç…§æ–‡æ¡£è‡ªåŠ¨è¿ç§»ä½¿ç”¨
[github.com/flipped-aurora/gin-vue-admin/server]2024-10-22 12:28:55.795	[31merror[0m	/Users/archer/project/gin-vue-admin/server/core/server.go:54	accept tcp [::]:8888: use of closed network connection
[github.com/flipped-aurora/gin-vue-admin/server]2024-10-22 13:02:50.631	[31merror[0m	/Users/archer/project/gin-vue-admin/server/api/v1/system/sys_menu.go:175	åˆ é™¤å¤±è´¥!	{"error": "æ­¤èœå•å­˜åœ¨å­èœå•ä¸å¯åˆ é™¤"}
[github.com/flipped-aurora/gin-vue-admin/server]2024-10-22 13:04:26.886	[31merror[0m	/Users/archer/project/gin-vue-admin/server/api/v1/system/sys_menu.go:210	æ›´æ–°å¤±è´¥!	{"error": "å­˜åœ¨ç›¸åŒnameä¿®æ”¹å¤±è´¥"}
[github.com/flipped-aurora/gin-vue-admin/server]2024-10-22 13:24:38.773	[31merror[0m	/Users/archer/project/gin-vue-admin/server/core/server.go:54	accept tcp [::]:8888: use of closed network connection
[github.com/flipped-aurora/gin-vue-admin/server]2024-10-22 13:28:42.050	[31merror[0m	/Users/archer/project/gin-vue-admin/server/api/v1/system/sys_menu.go:210	æ›´æ–°å¤±è´¥!	{"error": "å­˜åœ¨ç›¸åŒnameä¿®æ”¹å¤±è´¥"}
[github.com/flipped-aurora/gin-vue-admin/server]2024-10-22 13:34:16.500	[31merror[0m	/Users/archer/project/gin-vue-admin/server/core/server.go:54	accept tcp [::]:8888: use of closed network connection
