[github.com/flipped-aurora/gin-vue-admin/server]2024-10-19 09:17:08.404	[31merror[0m	/Users/archer/project/gin-vue-admin/server/utils/claims.go:48	é‡æ–°å†™å…¥cookie tokenå¤±è´¥,æœªèƒ½æˆåŠŸè§£ætoken,è¯·æ£€æŸ¥è¯·æ±‚å¤´æ˜¯å¦å­˜åœ¨x-tokenä¸”claimsæ˜¯å¦ä¸ºè§„å®šç»“æ„
[github.com/flipped-aurora/gin-vue-admin/server]2024-10-19 09:17:50.926	[31merror[0m	/Users/archer/project/gin-vue-admin/server/api/v1/system/sys_initdb.go:29	å‚æ•°æ ¡éªŒä¸é€šè¿‡!	{"error": "Key: 'InitDB.AdminPassword' Error:Field validation for 'AdminPassword' failed on the 'required' tag"}
[github.com/flipped-aurora/gin-vue-admin/server]2024-10-19 09:17:58.706	[31merror[0m	/Users/archer/project/gin-vue-admin/server/api/v1/system/sys_initdb.go:29	å‚æ•°æ ¡éªŒä¸é€šè¿‡!	{"error": "Key: 'InitDB.AdminPassword' Error:Field validation for 'AdminPassword' failed on the 'required' tag"}
[github.com/flipped-aurora/gin-vue-admin/server]2024-10-19 09:18:16.514	[31merror[0m	/Users/archer/project/gin-vue-admin/server/api/v1/system/sys_initdb.go:29	å‚æ•°æ ¡éªŒä¸é€šè¿‡!	{"error": "Key: 'InitDB.AdminPassword' Error:Field validation for 'AdminPassword' failed on the 'required' tag"}
[github.com/flipped-aurora/gin-vue-admin/server]2024-10-19 09:18:25.771	[31merror[0m	/Users/archer/project/gin-vue-admin/server/api/v1/system/sys_initdb.go:29	å‚æ•°æ ¡éªŒä¸é€šè¿‡!	{"error": "Key: 'InitDB.AdminPassword' Error:Field validation for 'AdminPassword' failed on the 'required' tag"}
[github.com/flipped-aurora/gin-vue-admin/server]2024-10-19 09:19:17.750	[31merror[0m	/Users/archer/project/gin-vue-admin/server/core/server.go:54	accept tcp [::]:8888: use of closed network connection
[github.com/flipped-aurora/gin-vue-admin/server]2024-10-19 09:19:28.707	[31merror[0m	/Users/archer/project/gin-vue-admin/server/api/v1/system/sys_initdb.go:32	å‚æ•°æ ¡éªŒä¸é€šè¿‡!	{"error": "Key: 'InitDB.AdminPassword' Error:Field validation for 'AdminPassword' failed on the 'required' tag"}
[github.com/flipped-aurora/gin-vue-admin/server]2024-10-19 09:20:17.848	[31merror[0m	/Users/archer/project/gin-vue-admin/server/core/server.go:54	accept tcp [::]:8888: use of closed network connection
[github.com/flipped-aurora/gin-vue-admin/server]2024-10-19 09:20:25.775	[31merror[0m	/Users/archer/project/gin-vue-admin/server/api/v1/system/sys_initdb.go:38	è‡ªåŠ¨åˆ›å»ºæ•°æ®åº“å¤±è´¥!	{"error": "Error 1045 (28000): Access denied for user 'root'@'192.168.65.1' (using password: YES)"}
[github.com/flipped-aurora/gin-vue-admin/server]2024-10-19 09:21:04.593	[31merror[0m	/Users/archer/project/gin-vue-admin/server/api/v1/system/sys_initdb.go:38	è‡ªåŠ¨åˆ›å»ºæ•°æ®åº“å¤±è´¥!	{"error": "Error 1045 (28000): Access denied for user 'root'@'192.168.65.1' (using password: YES)"}
[github.com/flipped-aurora/gin-vue-admin/server]2024-10-19 09:21:52.080	[31merror[0m	/Users/archer/project/gin-vue-admin/server/core/server.go:54	accept tcp [::]:8888: use of closed network connection
[github.com/flipped-aurora/gin-vue-admin/server]2024-10-19 09:22:01.888	[31merror[0m	/Users/archer/project/gin-vue-admin/server/api/v1/system/sys_initdb.go:39	è‡ªåŠ¨åˆ›å»ºæ•°æ®åº“å¤±è´¥!	{"error": "Error 1045 (28000): Access denied for user 'root'@'192.168.65.1' (using password: YES)"}
[github.com/flipped-aurora/gin-vue-admin/server]2024-10-19 09:22:50.792	[31merror[0m	/Users/archer/project/gin-vue-admin/server/core/server.go:54	accept tcp [::]:8888: use of closed network connection
[github.com/flipped-aurora/gin-vue-admin/server]2024-10-19 09:24:55.893	[31merror[0m	/Users/archer/project/gin-vue-admin/server/api/v1/system/sys_user.go:57	ç™»é™†å¤±è´¥! ç”¨æˆ·åä¸å­˜åœ¨æˆ–è€…å¯†ç é”™è¯¯!	{"error": "db not init"}
[github.com/flipped-aurora/gin-vue-admin/server]2024-10-19 09:25:09.676	[31merror[0m	/Users/archer/project/gin-vue-admin/server/core/server.go:54	accept tcp [::]:8888: use of closed network connection
[github.com/flipped-aurora/gin-vue-admin/server]2024-10-19 09:27:32.051	[31merror[0m	/Users/archer/project/gin-vue-admin/server/api/v1/system/sys_user.go:57	ç™»é™†å¤±è´¥! ç”¨æˆ·åä¸å­˜åœ¨æˆ–è€…å¯†ç é”™è¯¯!	{"error": "db not init"}
[github.com/flipped-aurora/gin-vue-admin/server]2024-10-19 09:29:44.348	[31merror[0m	/Users/archer/project/gin-vue-admin/server/core/server.go:54	accept tcp [::]:8888: use of closed network connection
[github.com/flipped-aurora/gin-vue-admin/server]2024-10-19 09:41:32.391	[31merror[0m	/Users/archer/project/gin-vue-admin/server/core/server.go:54	accept tcp [::]:8888: use of closed network connection
[github.com/flipped-aurora/gin-vue-admin/server]2024-10-19 09:45:00.519	[31merror[0m	/Users/archer/project/gin-vue-admin/server/core/server.go:54	accept tcp [::]:8888: use of closed network connection
[github.com/flipped-aurora/gin-vue-admin/server]2024-10-19 09:47:50.880	[31merror[0m	/Users/archer/project/gin-vue-admin/server/core/server.go:54	accept tcp [::]:8888: use of closed network connection
[github.com/flipped-aurora/gin-vue-admin/server]2024-10-19 09:52:18.949	[31merror[0m	/Users/archer/project/gin-vue-admin/server/api/v1/system/sys_authority.go:115	åˆ é™¤å¤±è´¥!	{"error": "æ­¤è§’è‰²æœ‰ç”¨æˆ·æ­£åœ¨ä½¿ç”¨ç¦æ­¢åˆ é™¤"}
[github.com/flipped-aurora/gin-vue-admin/server]2024-10-19 09:52:23.115	[31merror[0m	/Users/archer/project/gin-vue-admin/server/api/v1/system/sys_authority.go:115	åˆ é™¤å¤±è´¥!	{"error": "æ­¤è§’è‰²æœ‰ç”¨æˆ·æ­£åœ¨ä½¿ç”¨ç¦æ­¢åˆ é™¤"}
[github.com/flipped-aurora/gin-vue-admin/server]2024-10-19 09:55:40.854	[31merror[0m	/Users/archer/project/gin-vue-admin/server/core/server.go:54	accept tcp [::]:8888: use of closed network connection
