[github.com/flipped-aurora/gin-vue-admin/server]2024-10-19 09:17:00.088	[34minfo[0m	/Users/archer/project/gin-vue-admin/server/initialize/router.go:60	register swagger handler
[github.com/flipped-aurora/gin-vue-admin/server]2024-10-19 09:17:00.089	[34minfo[0m	/Users/archer/project/gin-vue-admin/server/initialize/plugin.go:10	é¡¹ç›®æš‚æœªåˆå§‹åŒ–ï¼Œæ— æ³•å®‰è£…æ’ä»¶ï¼Œåˆå§‹åŒ–åé‡å¯é¡¹ç›®å³å¯å®Œæˆæ’ä»¶å®‰è£…
[github.com/flipped-aurora/gin-vue-admin/server]2024-10-19 09:17:00.089	[34minfo[0m	/Users/archer/project/gin-vue-admin/server/initialize/router.go:108	router register success
[github.com/flipped-aurora/gin-vue-admin/server]2024-10-19 09:17:00.089	[34minfo[0m	/Users/archer/project/gin-vue-admin/server/core/server.go:38	server run success on 	{"address": ":8888"}
[github.com/flipped-aurora/gin-vue-admin/server]2024-10-19 09:17:45.313	[34minfo[0m	/Users/archer/project/gin-vue-admin/server/api/v1/system/sys_initdb.go:57	å‰å¾€åˆå§‹åŒ–æ•°æ®åº“
[github.com/flipped-aurora/gin-vue-admin/server]2024-10-19 09:19:26.325	[34minfo[0m	/Users/archer/project/gin-vue-admin/server/initialize/router.go:60	register swagger handler
[github.com/flipped-aurora/gin-vue-admin/server]2024-10-19 09:19:26.326	[34minfo[0m	/Users/archer/project/gin-vue-admin/server/initialize/plugin.go:10	é¡¹ç›®æš‚æœªåˆå§‹åŒ–ï¼Œæ— æ³•å®‰è£…æ’ä»¶ï¼Œåˆå§‹åŒ–åé‡å¯é¡¹ç›®å³å¯å®Œæˆæ’ä»¶å®‰è£…
[github.com/flipped-aurora/gin-vue-admin/server]2024-10-19 09:19:26.326	[34minfo[0m	/Users/archer/project/gin-vue-admin/server/initialize/router.go:108	router register success
[github.com/flipped-aurora/gin-vue-admin/server]2024-10-19 09:19:26.326	[34minfo[0m	/Users/archer/project/gin-vue-admin/server/core/server.go:38	server run success on 	{"address": ":8888"}
[github.com/flipped-aurora/gin-vue-admin/server]2024-10-19 09:20:22.409	[34minfo[0m	/Users/archer/project/gin-vue-admin/server/initialize/router.go:60	register swagger handler
[github.com/flipped-aurora/gin-vue-admin/server]2024-10-19 09:20:22.409	[34minfo[0m	/Users/archer/project/gin-vue-admin/server/initialize/plugin.go:10	é¡¹ç›®æš‚æœªåˆå§‹åŒ–ï¼Œæ— æ³•å®‰è£…æ’ä»¶ï¼Œåˆå§‹åŒ–åé‡å¯é¡¹ç›®å³å¯å®Œæˆæ’ä»¶å®‰è£…
[github.com/flipped-aurora/gin-vue-admin/server]2024-10-19 09:20:22.410	[34minfo[0m	/Users/archer/project/gin-vue-admin/server/initialize/router.go:108	router register success
[github.com/flipped-aurora/gin-vue-admin/server]2024-10-19 09:20:22.410	[34minfo[0m	/Users/archer/project/gin-vue-admin/server/core/server.go:38	server run success on 	{"address": ":8888"}
[github.com/flipped-aurora/gin-vue-admin/server]2024-10-19 09:21:58.849	[34minfo[0m	/Users/archer/project/gin-vue-admin/server/initialize/router.go:60	register swagger handler
[github.com/flipped-aurora/gin-vue-admin/server]2024-10-19 09:21:58.850	[34minfo[0m	/Users/archer/project/gin-vue-admin/server/initialize/plugin.go:10	é¡¹ç›®æš‚æœªåˆå§‹åŒ–ï¼Œæ— æ³•å®‰è£…æ’ä»¶ï¼Œåˆå§‹åŒ–åé‡å¯é¡¹ç›®å³å¯å®Œæˆæ’ä»¶å®‰è£…
[github.com/flipped-aurora/gin-vue-admin/server]2024-10-19 09:21:58.850	[34minfo[0m	/Users/archer/project/gin-vue-admin/server/initialize/router.go:108	router register success
[github.com/flipped-aurora/gin-vue-admin/server]2024-10-19 09:21:58.850	[34minfo[0m	/Users/archer/project/gin-vue-admin/server/core/server.go:38	server run success on 	{"address": ":8888"}
[github.com/flipped-aurora/gin-vue-admin/server]2024-10-19 09:24:45.250	[34minfo[0m	/Users/archer/project/gin-vue-admin/server/initialize/router.go:60	register swagger handler
[github.com/flipped-aurora/gin-vue-admin/server]2024-10-19 09:24:45.250	[34minfo[0m	/Users/archer/project/gin-vue-admin/server/initialize/plugin.go:10	é¡¹ç›®æš‚æœªåˆå§‹åŒ–ï¼Œæ— æ³•å®‰è£…æ’ä»¶ï¼Œåˆå§‹åŒ–åé‡å¯é¡¹ç›®å³å¯å®Œæˆæ’ä»¶å®‰è£…
[github.com/flipped-aurora/gin-vue-admin/server]2024-10-19 09:24:45.251	[34minfo[0m	/Users/archer/project/gin-vue-admin/server/initialize/router.go:108	router register success
[github.com/flipped-aurora/gin-vue-admin/server]2024-10-19 09:24:45.251	[34minfo[0m	/Users/archer/project/gin-vue-admin/server/core/server.go:38	server run success on 	{"address": ":8888"}
[github.com/flipped-aurora/gin-vue-admin/server]2024-10-19 09:27:21.388	[34minfo[0m	/Users/archer/project/gin-vue-admin/server/initialize/router.go:60	register swagger handler
[github.com/flipped-aurora/gin-vue-admin/server]2024-10-19 09:27:21.388	[34minfo[0m	/Users/archer/project/gin-vue-admin/server/initialize/plugin.go:10	é¡¹ç›®æš‚æœªåˆå§‹åŒ–ï¼Œæ— æ³•å®‰è£…æ’ä»¶ï¼Œåˆå§‹åŒ–åé‡å¯é¡¹ç›®å³å¯å®Œæˆæ’ä»¶å®‰è£…
[github.com/flipped-aurora/gin-vue-admin/server]2024-10-19 09:27:21.389	[34minfo[0m	/Users/archer/project/gin-vue-admin/server/initialize/router.go:108	router register success
[github.com/flipped-aurora/gin-vue-admin/server]2024-10-19 09:27:21.389	[34minfo[0m	/Users/archer/project/gin-vue-admin/server/core/server.go:38	server run success on 	{"address": ":8888"}
[github.com/flipped-aurora/gin-vue-admin/server]2024-10-19 09:27:35.514	[34minfo[0m	/Users/archer/project/gin-vue-admin/server/api/v1/system/sys_initdb.go:62	å‰å¾€åˆå§‹åŒ–æ•°æ®åº“
[github.com/flipped-aurora/gin-vue-admin/server]2024-10-19 09:36:12.292	[34minfo[0m	/Users/archer/project/gin-vue-admin/server/initialize/gorm.go:76	register table success
[github.com/flipped-aurora/gin-vue-admin/server]2024-10-19 09:36:12.293	[34minfo[0m	/Users/archer/project/gin-vue-admin/server/initialize/router.go:60	register swagger handler
[github.com/flipped-aurora/gin-vue-admin/server]2024-10-19 09:36:12.303	[34minfo[0m	/Users/archer/project/gin-vue-admin/server/initialize/router.go:108	router register success
[github.com/flipped-aurora/gin-vue-admin/server]2024-10-19 09:36:12.303	[34minfo[0m	/Users/archer/project/gin-vue-admin/server/core/server.go:38	server run success on 	{"address": ":8888"}
[github.com/flipped-aurora/gin-vue-admin/server]2024-10-19 09:41:37.860	[34minfo[0m	/Users/archer/project/gin-vue-admin/server/initialize/gorm.go:76	register table success
[github.com/flipped-aurora/gin-vue-admin/server]2024-10-19 09:41:37.862	[34minfo[0m	/Users/archer/project/gin-vue-admin/server/initialize/router.go:60	register swagger handler
[github.com/flipped-aurora/gin-vue-admin/server]2024-10-19 09:41:37.867	[34minfo[0m	/Users/archer/project/gin-vue-admin/server/initialize/router.go:108	router register success
[github.com/flipped-aurora/gin-vue-admin/server]2024-10-19 09:41:37.867	[34minfo[0m	/Users/archer/project/gin-vue-admin/server/core/server.go:38	server run success on 	{"address": ":8888"}
[github.com/flipped-aurora/gin-vue-admin/server]2024-10-19 09:45:51.940	[34minfo[0m	/Users/archer/project/gin-vue-admin/server/initialize/gorm.go:76	register table success
[github.com/flipped-aurora/gin-vue-admin/server]2024-10-19 09:45:51.940	[34minfo[0m	/Users/archer/project/gin-vue-admin/server/initialize/router.go:60	register swagger handler
[github.com/flipped-aurora/gin-vue-admin/server]2024-10-19 09:45:51.945	[34minfo[0m	/Users/archer/project/gin-vue-admin/server/initialize/router.go:108	router register success
[github.com/flipped-aurora/gin-vue-admin/server]2024-10-19 09:45:51.945	[34minfo[0m	/Users/archer/project/gin-vue-admin/server/core/server.go:38	server run success on 	{"address": ":8888"}
[github.com/flipped-aurora/gin-vue-admin/server]2024-10-19 09:48:49.168	[34minfo[0m	/Users/archer/project/gin-vue-admin/server/initialize/gorm.go:76	register table success
[github.com/flipped-aurora/gin-vue-admin/server]2024-10-19 09:48:49.168	[34minfo[0m	/Users/archer/project/gin-vue-admin/server/initialize/router.go:60	register swagger handler
[github.com/flipped-aurora/gin-vue-admin/server]2024-10-19 09:48:49.173	[34minfo[0m	/Users/archer/project/gin-vue-admin/server/initialize/router.go:108	router register success
[github.com/flipped-aurora/gin-vue-admin/server]2024-10-19 09:48:49.173	[34minfo[0m	/Users/archer/project/gin-vue-admin/server/core/server.go:38	server run success on 	{"address": ":8888"}
